C:\USERS\USER\DOCUMENTS\VISUAL STUDIO 2010\PROJECTS\MATALA1_COMPILATION\DEBUG\MATALA1_COMPILATION.EXE
C:\USERS\USER\DOCUMENTS\VISUAL STUDIO 2010\PROJECTS\MATALA1_COMPILATION\DEBUG\MATALA1_COMPILATION.ILK
C:\USERS\USER\DOCUMENTS\VISUAL STUDIO 2010\PROJECTS\MATALA1_COMPILATION\DEBUG\MATALA1_COMPILATION.PDB
C:\Users\user\documents\visual studio 2010\Projects\matala1_compilation\matala1_compilation\Debug\cl.command.1.tlog
C:\Users\user\documents\visual studio 2010\Projects\matala1_compilation\matala1_compilation\Debug\CL.read.1.tlog
C:\Users\user\documents\visual studio 2010\Projects\matala1_compilation\matala1_compilation\Debug\CL.write.1.tlog
C:\Users\user\documents\visual studio 2010\Projects\matala1_compilation\matala1_compilation\Debug\link.2640.read.1.tlog
C:\Users\user\documents\visual studio 2010\Projects\matala1_compilation\matala1_compilation\Debug\link.2640.write.1.tlog
C:\Users\user\documents\visual studio 2010\Projects\matala1_compilation\matala1_compilation\Debug\link.2640-cvtres.read.1.tlog
C:\Users\user\documents\visual studio 2010\Projects\matala1_compilation\matala1_compilation\Debug\link.2640-cvtres.write.1.tlog
C:\Users\user\documents\visual studio 2010\Projects\matala1_compilation\matala1_compilation\Debug\link.command.1.tlog
C:\Users\user\documents\visual studio 2010\Projects\matala1_compilation\matala1_compilation\Debug\link.read.1.tlog
C:\Users\user\documents\visual studio 2010\Projects\matala1_compilation\matala1_compilation\Debug\link.write.1.tlog
C:\Users\user\documents\visual studio 2010\Projects\matala1_compilation\matala1_compilation\Debug\link-cvtres.read.1.tlog
C:\Users\user\documents\visual studio 2010\Projects\matala1_compilation\matala1_compilation\Debug\link-cvtres.write.1.tlog
C:\USERS\USER\DOCUMENTS\VISUAL STUDIO 2010\PROJECTS\MATALA1_COMPILATION\MATALA1_COMPILATION\DEBUG\MATALA1_COMPILATION.EXE.EMBED.MANIFEST
C:\USERS\USER\DOCUMENTS\VISUAL STUDIO 2010\PROJECTS\MATALA1_COMPILATION\MATALA1_COMPILATION\DEBUG\MATALA1_COMPILATION.EXE.EMBED.MANIFEST.RES
C:\USERS\USER\DOCUMENTS\VISUAL STUDIO 2010\PROJECTS\MATALA1_COMPILATION\MATALA1_COMPILATION\DEBUG\MATALA1_COMPILATION.EXE.INTERMEDIATE.MANIFEST
C:\Users\user\documents\visual studio 2010\Projects\matala1_compilation\matala1_compilation\Debug\matala1_compilation.write.1.tlog
C:\Users\user\documents\visual studio 2010\Projects\matala1_compilation\matala1_compilation\Debug\matala1_compilation_manifest.rc
C:\Users\user\documents\visual studio 2010\Projects\matala1_compilation\matala1_compilation\Debug\mt.command.1.tlog
C:\Users\user\documents\visual studio 2010\Projects\matala1_compilation\matala1_compilation\Debug\mt.read.1.tlog
C:\Users\user\documents\visual studio 2010\Projects\matala1_compilation\matala1_compilation\Debug\mt.write.1.tlog
C:\Users\user\documents\visual studio 2010\Projects\matala1_compilation\matala1_compilation\Debug\rc.command.1.tlog
C:\Users\user\documents\visual studio 2010\Projects\matala1_compilation\matala1_compilation\Debug\rc.read.1.tlog
C:\Users\user\documents\visual studio 2010\Projects\matala1_compilation\matala1_compilation\Debug\rc.write.1.tlog
C:\USERS\USER\DOCUMENTS\VISUAL STUDIO 2010\PROJECTS\MATALA1_COMPILATION\MATALA1_COMPILATION\DEBUG\TOKEN.OBJ
C:\Users\user\documents\visual studio 2010\Projects\matala1_compilation\matala1_compilation\Debug\vc100.idb
C:\USERS\USER\DOCUMENTS\VISUAL STUDIO 2010\PROJECTS\MATALA1_COMPILATION\MATALA1_COMPILATION\DEBUG\VC100.PDB
C:\USERS\USER\DOCUMENTS\VISUAL STUDIO 2010\PROJECTS\MATALA1_COMPILATION\MATALA1_COMPILATION\DEBUG\WIN.LEX.YY.OBJ
