C:\USERS\TOMER\STUDIES\YEAR3\SEMESTERB\COMPILATION\ASSIGNMENT 3 - NEW FIX\COMPLIATIONASSIGNMENT1\DEBUG\MATALA3_COMPILATION.EXE
C:\USERS\TOMER\STUDIES\YEAR3\SEMESTERB\COMPILATION\ASSIGNMENT 3 - NEW FIX\COMPLIATIONASSIGNMENT1\DEBUG\MATALA3_COMPILATION.ILK
C:\USERS\TOMER\STUDIES\YEAR3\SEMESTERB\COMPILATION\ASSIGNMENT 3 - NEW FIX\COMPLIATIONASSIGNMENT1\DEBUG\MATALA3_COMPILATION.PDB
C:\Users\tomer\Studies\year3\SemesterB\Compilation\Assignment 3 - new fix\CompliationAssignment1\matala1_compilation\Debug\cl.command.1.tlog
C:\Users\tomer\Studies\year3\SemesterB\Compilation\Assignment 3 - new fix\CompliationAssignment1\matala1_compilation\Debug\CL.read.1.tlog
C:\Users\tomer\Studies\year3\SemesterB\Compilation\Assignment 3 - new fix\CompliationAssignment1\matala1_compilation\Debug\CL.write.1.tlog
C:\Users\tomer\Studies\year3\SemesterB\Compilation\Assignment 3 - new fix\CompliationAssignment1\matala1_compilation\Debug\link.9084.read.1.tlog
C:\Users\tomer\Studies\year3\SemesterB\Compilation\Assignment 3 - new fix\CompliationAssignment1\matala1_compilation\Debug\link.9084.write.1.tlog
C:\Users\tomer\Studies\year3\SemesterB\Compilation\Assignment 3 - new fix\CompliationAssignment1\matala1_compilation\Debug\link.9084-cvtres.read.1.tlog
C:\Users\tomer\Studies\year3\SemesterB\Compilation\Assignment 3 - new fix\CompliationAssignment1\matala1_compilation\Debug\link.9084-cvtres.write.1.tlog
C:\Users\tomer\Studies\year3\SemesterB\Compilation\Assignment 3 - new fix\CompliationAssignment1\matala1_compilation\Debug\link.9492.read.1.tlog
C:\Users\tomer\Studies\year3\SemesterB\Compilation\Assignment 3 - new fix\CompliationAssignment1\matala1_compilation\Debug\link.9492.write.1.tlog
C:\Users\tomer\Studies\year3\SemesterB\Compilation\Assignment 3 - new fix\CompliationAssignment1\matala1_compilation\Debug\link.9492-cvtres.read.1.tlog
C:\Users\tomer\Studies\year3\SemesterB\Compilation\Assignment 3 - new fix\CompliationAssignment1\matala1_compilation\Debug\link.9492-cvtres.write.1.tlog
C:\Users\tomer\Studies\year3\SemesterB\Compilation\Assignment 3 - new fix\CompliationAssignment1\matala1_compilation\Debug\link.command.1.tlog
C:\Users\tomer\Studies\year3\SemesterB\Compilation\Assignment 3 - new fix\CompliationAssignment1\matala1_compilation\Debug\link.read.1.tlog
C:\Users\tomer\Studies\year3\SemesterB\Compilation\Assignment 3 - new fix\CompliationAssignment1\matala1_compilation\Debug\link.write.1.tlog
C:\Users\tomer\Studies\year3\SemesterB\Compilation\Assignment 3 - new fix\CompliationAssignment1\matala1_compilation\Debug\link-cvtres.read.1.tlog
C:\Users\tomer\Studies\year3\SemesterB\Compilation\Assignment 3 - new fix\CompliationAssignment1\matala1_compilation\Debug\link-cvtres.write.1.tlog
C:\Users\tomer\Studies\year3\SemesterB\Compilation\Assignment 3 - new fix\CompliationAssignment1\matala1_compilation\Debug\matala1_compilation.vcxprojResolveAssemblyReference.cache
C:\USERS\TOMER\STUDIES\YEAR3\SEMESTERB\COMPILATION\ASSIGNMENT 3 - NEW FIX\COMPLIATIONASSIGNMENT1\MATALA1_COMPILATION\DEBUG\MATALA3_COMPILATION.EXE.EMBED.MANIFEST
C:\USERS\TOMER\STUDIES\YEAR3\SEMESTERB\COMPILATION\ASSIGNMENT 3 - NEW FIX\COMPLIATIONASSIGNMENT1\MATALA1_COMPILATION\DEBUG\MATALA3_COMPILATION.EXE.EMBED.MANIFEST.RES
C:\USERS\TOMER\STUDIES\YEAR3\SEMESTERB\COMPILATION\ASSIGNMENT 3 - NEW FIX\COMPLIATIONASSIGNMENT1\MATALA1_COMPILATION\DEBUG\MATALA3_COMPILATION.EXE.INTERMEDIATE.MANIFEST
C:\Users\tomer\Studies\year3\SemesterB\Compilation\Assignment 3 - new fix\CompliationAssignment1\matala1_compilation\Debug\matala3_compilation.write.1.tlog
C:\Users\tomer\Studies\year3\SemesterB\Compilation\Assignment 3 - new fix\CompliationAssignment1\matala1_compilation\Debug\matala3_compilation_manifest.rc
C:\Users\tomer\Studies\year3\SemesterB\Compilation\Assignment 3 - new fix\CompliationAssignment1\matala1_compilation\Debug\mt.command.1.tlog
C:\Users\tomer\Studies\year3\SemesterB\Compilation\Assignment 3 - new fix\CompliationAssignment1\matala1_compilation\Debug\mt.read.1.tlog
C:\Users\tomer\Studies\year3\SemesterB\Compilation\Assignment 3 - new fix\CompliationAssignment1\matala1_compilation\Debug\mt.write.1.tlog
C:\USERS\TOMER\STUDIES\YEAR3\SEMESTERB\COMPILATION\ASSIGNMENT 3 - NEW FIX\COMPLIATIONASSIGNMENT1\MATALA1_COMPILATION\DEBUG\PARSER.OBJ
C:\USERS\TOMER\STUDIES\YEAR3\SEMESTERB\COMPILATION\ASSIGNMENT 3 - NEW FIX\COMPLIATIONASSIGNMENT1\MATALA1_COMPILATION\DEBUG\PARSER_BACKUP.OBJ
C:\Users\tomer\Studies\year3\SemesterB\Compilation\Assignment 3 - new fix\CompliationAssignment1\matala1_compilation\Debug\rc.command.1.tlog
C:\Users\tomer\Studies\year3\SemesterB\Compilation\Assignment 3 - new fix\CompliationAssignment1\matala1_compilation\Debug\rc.read.1.tlog
C:\Users\tomer\Studies\year3\SemesterB\Compilation\Assignment 3 - new fix\CompliationAssignment1\matala1_compilation\Debug\rc.write.1.tlog
C:\USERS\TOMER\STUDIES\YEAR3\SEMESTERB\COMPILATION\ASSIGNMENT 3 - NEW FIX\COMPLIATIONASSIGNMENT1\MATALA1_COMPILATION\DEBUG\SEMANTIC.OBJ
C:\USERS\TOMER\STUDIES\YEAR3\SEMESTERB\COMPILATION\ASSIGNMENT 3 - NEW FIX\COMPLIATIONASSIGNMENT1\MATALA1_COMPILATION\DEBUG\TOKEN.OBJ
C:\Users\tomer\Studies\year3\SemesterB\Compilation\Assignment 3 - new fix\CompliationAssignment1\matala1_compilation\Debug\vc100.idb
C:\USERS\TOMER\STUDIES\YEAR3\SEMESTERB\COMPILATION\ASSIGNMENT 3 - NEW FIX\COMPLIATIONASSIGNMENT1\MATALA1_COMPILATION\DEBUG\VC100.PDB
C:\USERS\TOMER\STUDIES\YEAR3\SEMESTERB\COMPILATION\ASSIGNMENT 3 - NEW FIX\COMPLIATIONASSIGNMENT1\MATALA1_COMPILATION\DEBUG\WIN.LEX.YY.OBJ
